2024-09-12T12:25:05.799Z GET /
2024-09-12T12:25:07.699Z GET /messages/6
2024-09-12T12:25:08.761Z GET /
2024-09-12T12:25:10.120Z GET /about
2024-09-12T12:25:11.247Z GET /auth/login
2024-09-12T12:25:14.400Z GET /about
2024-09-12T12:25:17.316Z GET /
2024-09-12T12:25:43.434Z GET /auth/login
2024-09-12T12:25:46.458Z GET /auth/sign-up
2024-09-12T12:25:57.977Z POST /auth/sign-up
2024-09-12T12:25:58.173Z GET /auth/login
2024-09-12T12:26:06.728Z POST /auth/login
2024-09-12T12:26:06.874Z GET /
2024-09-12T12:26:09.535Z GET /messages/new
2024-09-12T12:26:21.624Z POST /messages/new
2024-09-12T12:26:21.670Z GET /
2024-09-12T12:29:06.051Z GET /messages/new
2024-09-12T12:29:07.206Z POST /messages/new
2024-09-12T12:30:36.190Z POST /messages/new
2024-09-12T12:30:44.471Z GET /messages/new
2024-09-12T12:30:50.349Z GET /auth/logout
2024-09-12T12:30:50.358Z GET /
2024-09-12T12:30:57.985Z GET /auth/login
2024-09-12T12:30:58.895Z POST /auth/login
2024-09-12T12:30:58.910Z GET /auth/login
2024-09-12T12:31:07.629Z POST /auth/login
2024-09-12T12:31:07.636Z GET /auth/login
2024-09-12T12:31:11.786Z POST /auth/login
2024-09-12T12:31:11.794Z GET /auth/login
2024-09-12T12:31:17.032Z POST /auth/login
2024-09-12T12:31:17.038Z GET /auth/login
2024-09-12T12:33:50.217Z POST /auth/login
2024-09-12T12:33:50.260Z GET /auth/login
2024-09-12T12:33:52.998Z POST /auth/login
2024-09-12T12:33:53.005Z GET /auth/login
2024-09-12T12:34:57.693Z POST /auth/login
2024-09-12T12:34:57.706Z GET /auth/login
2024-09-12T12:35:00.390Z GET /
2024-09-12T12:50:14.216Z GET /
2024-09-12T12:50:16.435Z GET /auth/login
2024-09-12T12:50:23.193Z POST /auth/login
2024-09-12T12:50:23.347Z GET /
2024-09-12T12:50:25.740Z GET /
2024-09-12T12:50:26.556Z GET /
2024-09-12T12:50:26.852Z GET /
2024-09-12T12:50:27.032Z GET /
2024-09-12T12:50:42.037Z GET /
2024-09-12T12:50:45.959Z GET /auth/login
2024-09-12T12:50:46.805Z GET /
2024-09-14T10:29:00.096Z GET /
2024-09-14T10:29:01.276Z GET /favicon.ico
2024-09-14T10:29:03.170Z GET /messages/6
2024-09-14T10:29:13.153Z GET /
2024-09-14T10:29:14.679Z GET /messages/7
2024-09-14T10:29:16.398Z GET /
2024-09-14T10:32:08.295Z GET /
2024-09-14T10:32:09.886Z GET /messages/6
2024-09-14T10:32:11.687Z GET /
2024-09-14T10:32:14.212Z GET /messages/6
2024-09-14T10:32:15.954Z GET /
2024-09-14T10:32:17.455Z GET /about
2024-09-14T10:32:21.001Z GET /
2024-09-14T10:32:21.686Z GET /about
2024-09-14T10:32:25.254Z GET /
2024-09-14T10:32:25.738Z GET /about
2024-09-14T10:32:26.779Z GET /auth/sign-up
2024-09-14T10:32:29.690Z GET /auth/login
2024-09-14T20:26:12.402Z GET /
2024-09-14T20:26:13.393Z GET /favicon.ico
2024-09-14T20:26:15.585Z GET /auth/login
2024-09-14T20:26:25.127Z POST /auth/login
2024-09-14T20:26:25.418Z GET /
2024-09-14T20:26:27.724Z GET /messages/new
2024-09-14T20:26:33.970Z POST /messages/new
2024-09-14T20:26:34.099Z GET /
2024-09-14T20:51:27.536Z GET /
2024-09-14T20:51:37.875Z GET /auth/login
2024-09-14T20:51:45.549Z POST /auth/login
2024-09-14T20:51:45.709Z GET /
2024-09-14T20:51:47.794Z GET /
2024-09-14T20:51:48.851Z GET /
2024-09-14T20:51:49.419Z GET /
2024-09-14T20:51:50.471Z GET /
2024-09-14T20:51:51.727Z GET /about
2024-09-14T20:51:53.380Z GET /
2024-09-16T09:12:32.549Z GET /
2024-09-16T09:12:33.814Z GET /favicon.ico
2024-09-16T09:12:45.819Z GET /
2024-09-16T09:16:11.905Z GET /
2024-09-16T09:16:14.425Z GET /
2024-09-16T09:16:50.182Z GET /
2024-09-16T09:20:03.150Z GET /
2024-09-16T09:20:20.882Z GET /
2024-09-16T09:20:21.921Z GET /
2024-09-16T09:23:23.513Z GET /
2024-09-16T09:23:25.171Z GET /
2024-09-16T09:23:26.537Z GET /
2024-09-16T09:23:27.049Z GET /
2024-09-16T09:23:27.570Z GET /
2024-09-16T09:23:27.764Z GET /
2024-09-16T09:23:28.758Z GET /
2024-09-16T09:23:45.485Z GET /
2024-09-16T09:23:55.888Z GET /
2024-09-16T09:25:40.486Z GET /
2024-09-16T09:25:41.090Z GET /
2024-09-16T09:25:44.501Z GET /
2024-09-16T09:26:49.567Z GET /
2024-09-16T09:27:09.083Z GET /
2024-09-16T09:27:09.815Z GET /
2024-09-16T09:27:35.449Z GET /
2024-09-16T09:27:45.910Z GET /
2024-09-16T09:27:46.508Z GET /
2024-09-16T09:27:46.773Z GET /
2024-09-16T09:27:46.961Z GET /
2024-09-16T09:27:47.155Z GET /
2024-09-16T09:27:47.314Z GET /
2024-09-16T09:27:47.481Z GET /
2024-09-16T09:27:47.645Z GET /
2024-09-16T09:27:47.831Z GET /
2024-09-16T09:28:33.066Z GET /
2024-09-16T09:28:34.937Z GET /
2024-09-16T09:28:38.502Z GET /
2024-09-16T09:28:39.123Z GET /
2024-09-16T09:29:23.310Z GET /
2024-09-16T09:29:25.226Z GET /
2024-09-16T09:30:02.931Z GET /
2024-09-16T09:31:32.530Z GET /
2024-09-16T09:34:02.125Z GET /messages/8
2024-09-16T09:34:04.244Z GET /
2024-09-16T09:34:18.680Z GET /
2024-09-16T09:34:20.205Z GET /about
2024-09-16T09:34:22.092Z GET /auth/sign-up
2024-09-16T09:34:23.418Z GET /auth/login
2024-09-16T09:34:34.593Z POST /auth/login
2024-09-16T09:34:40.520Z GET /
2024-09-16T09:36:01.402Z GET /messages/8
2024-09-16T09:36:03.757Z GET /
2024-09-16T09:36:05.107Z GET /auth/login
2024-09-16T09:36:13.474Z POST /auth/login
2024-09-16T09:40:27.636Z POST /auth/login
2024-09-16T09:40:28.749Z GET /
2024-09-16T09:40:29.945Z GET /auth/login
2024-09-16T09:40:36.829Z POST /auth/login
2024-09-16T09:40:38.666Z GET /
2024-09-16T09:41:39.736Z GET /
2024-09-16T09:41:41.121Z GET /
2024-09-16T09:42:45.017Z GET /
2024-09-16T09:42:47.774Z GET /
2024-09-16T09:42:49.008Z GET /
2024-09-16T09:42:50.285Z GET /messages/8
2024-09-16T09:42:51.868Z GET /about
2024-09-16T09:42:52.655Z GET /auth/sign-up
2024-09-16T09:42:53.350Z GET /auth/login
2024-09-16T09:43:01.604Z POST /auth/login
2024-09-16T09:43:01.975Z GET /
2024-09-16T09:43:04.096Z GET /messages/new
2024-09-16T09:43:11.279Z POST /messages/new
2024-09-16T09:43:11.463Z GET /
2024-09-16T09:43:17.217Z GET /messages/9
2024-09-16T09:43:18.716Z GET /
2024-09-16T09:43:20.053Z GET /about
2024-09-16T09:43:21.741Z GET /
2024-09-16T09:43:25.764Z GET /auth/logout
2024-09-16T09:43:25.775Z GET /
2024-09-16T10:22:33.236Z GET /
2024-09-16T10:22:34.780Z GET /
2024-09-16T10:22:37.751Z GET /about
2024-09-16T10:22:39.892Z GET /
2024-09-16T10:22:42.931Z GET /about
2024-09-16T10:25:14.016Z GET /about
2024-09-16T10:25:16.104Z GET /
2024-09-16T10:25:20.270Z GET /
2024-09-16T10:25:21.128Z GET /about
2024-09-16T10:25:25.275Z GET /auth/sign-up
2024-09-16T10:25:34.838Z POST /auth/sign-up
2024-09-16T10:25:35.049Z GET /auth/login
2024-09-16T10:25:46.583Z POST /auth/login
2024-09-16T10:25:46.691Z GET /
2024-09-16T10:25:56.059Z GET /messages/7
2024-09-16T10:26:02.291Z GET /
2024-09-16T10:26:04.813Z GET /messages/new
2024-09-16T10:26:22.214Z POST /messages/new
2024-09-16T10:26:22.254Z GET /
2024-09-16T10:26:39.250Z GET /
2024-09-16T10:26:49.777Z GET /about
2024-09-16T10:26:52.006Z GET /
2024-09-16T10:26:52.638Z GET /messages/new
2024-09-16T10:26:56.647Z POST /messages/new
2024-09-16T10:26:56.678Z GET /
2024-09-16T10:27:22.236Z GET /
2024-09-16T10:27:22.998Z GET /
2024-09-16T10:27:24.638Z GET /auth/logout
2024-09-16T10:27:24.652Z GET /
2024-09-16T10:29:02.189Z GET /
2024-09-16T10:29:03.001Z GET /
2024-09-16T10:29:34.650Z GET /
2024-09-16T10:29:35.819Z GET /
2024-09-16T10:29:36.328Z GET /
2024-09-16T10:30:16.253Z GET /
2024-09-16T10:30:19.422Z GET /
2024-09-16T10:30:35.442Z GET /
2024-09-16T10:30:51.532Z GET /
2024-09-16T10:30:52.490Z GET /
2024-09-16T10:30:52.903Z GET /
2024-09-16T10:30:53.104Z GET /
2024-09-16T10:30:53.281Z GET /
2024-09-16T10:31:01.108Z GET /auth/login
2024-09-16T10:31:07.794Z POST /auth/login
2024-09-16T10:31:07.936Z GET /
2024-09-16T10:31:11.347Z GET /messages/9
2024-09-16T10:31:13.001Z GET /
2024-09-16T10:34:04.567Z GET /
2024-09-16T10:34:06.024Z GET /
2024-09-16T10:34:06.652Z GET /
2024-09-16T10:34:07.081Z GET /
2024-09-16T10:34:07.310Z GET /
2024-09-16T10:34:07.962Z GET /
2024-09-16T10:34:42.996Z GET /
2024-09-16T10:35:27.833Z GET /about
2024-09-16T10:35:29.622Z GET /
2024-09-16T10:35:45.311Z GET /
2024-09-16T10:39:08.345Z GET /
2024-09-16T10:39:16.512Z GET /auth/login
2024-09-16T10:39:26.388Z POST /auth/login
2024-09-16T10:39:26.507Z GET /
2024-09-16T10:39:29.030Z GET /messages/new
2024-09-16T10:39:35.126Z POST /messages/new
2024-09-16T10:39:35.165Z GET /
2024-09-16T10:42:28.353Z GET /messages/new
2024-09-16T10:42:35.616Z POST /messages/new
2024-09-16T10:42:35.648Z GET /
2024-09-16T10:45:05.018Z GET /
2024-09-16T10:45:26.258Z GET /auth/login
2024-09-16T10:45:35.577Z POST /auth/login
2024-09-16T10:45:35.685Z GET /
2024-09-16T10:45:40.050Z GET /messages/new
2024-09-16T10:45:49.122Z POST /messages/new
2024-09-16T10:45:49.156Z GET /
2024-09-16T10:54:20.896Z GET /
2024-09-16T10:54:30.916Z GET /messages/new
2024-09-16T10:54:43.219Z POST /messages/new
2024-09-16T10:54:43.255Z GET /
2024-09-16T10:56:07.210Z GET /
2024-09-16T10:58:30.931Z GET /
2024-09-16T10:58:35.793Z GET /
2024-09-16T11:07:34.710Z GET /
2024-09-16T11:08:28.025Z GET /
2024-09-16T11:08:35.804Z GET /auth/login
2024-09-16T11:08:42.650Z POST /auth/login
2024-09-16T11:08:42.753Z GET /
2024-09-16T11:08:44.238Z GET /messages/new
2024-09-16T11:08:54.154Z POST /messages/new
2024-09-16T11:08:54.183Z GET /
2024-09-16T11:14:28.367Z GET /
2024-09-16T11:14:29.942Z GET /
2024-09-16T11:14:31.655Z GET /
2024-09-16T11:15:17.754Z GET /
2024-09-16T11:15:18.924Z GET /
2024-09-16T11:16:32.032Z GET /
2024-09-16T11:18:13.273Z GET /messages/15
2024-09-16T11:18:35.266Z GET /messages/15
2024-09-16T11:18:38.960Z GET /
2024-09-16T11:18:40.957Z GET /messages/16
2024-09-16T11:18:43.131Z GET /
2024-09-16T11:19:14.239Z GET /messages/16
2024-09-16T11:19:17.405Z GET /
2024-09-17T12:41:07.987Z GET /
2024-09-17T12:41:08.997Z GET /favicon.ico
2024-09-17T12:41:11.898Z GET /auth/login
2024-09-17T12:41:19.582Z POST /auth/login
2024-09-17T12:41:19.662Z GET /auth/login
2024-09-17T12:41:25.547Z GET /
2024-09-17T12:41:28.826Z GET /auth/sign-up
2024-09-17T12:41:30.011Z POST /auth/sign-up
2024-09-17T12:41:30.439Z GET /auth/login
2024-09-17T12:41:35.792Z POST /auth/login
2024-09-17T12:41:35.800Z GET /auth/login
2024-09-17T12:45:23.746Z POST /auth/login
2024-09-17T12:45:23.752Z GET /auth/login
2024-09-17T12:45:24.652Z POST /auth/login
2024-09-17T12:45:24.658Z GET /auth/login
2024-09-17T12:45:34.595Z POST /auth/login
2024-09-17T12:45:34.601Z GET /auth/login
2024-09-17T12:46:13.169Z POST /auth/login
2024-09-17T12:46:13.340Z GET /
2024-09-17T12:46:16.813Z GET /messages/new
2024-09-17T12:46:32.811Z GET /
2024-09-17T12:46:34.689Z GET /auth/login
2024-09-17T12:46:42.448Z POST /auth/login
2024-09-17T12:46:42.549Z GET /
2024-09-17T12:46:45.631Z GET /messages/new
2024-09-17T12:47:50.482Z GET /
2024-09-17T12:47:51.675Z GET /auth/login
2024-09-17T12:47:56.923Z POST /auth/login
2024-09-17T12:47:57.048Z GET /
2024-09-17T12:47:58.658Z GET /messages/new
2024-09-17T12:47:59.666Z POST /messages/new
2024-09-17T12:50:59.314Z POST /messages/new
2024-09-17T12:51:00.331Z POST /messages/new
2024-09-17T12:51:04.754Z POST /messages/new
2024-09-17T12:51:12.460Z POST /messages/new
2024-09-17T12:54:47.033Z GET /
2024-09-17T12:54:48.856Z GET /auth/login
2024-09-17T12:54:56.113Z POST /auth/login
2024-09-17T12:54:56.258Z GET /
2024-09-17T12:54:57.716Z GET /messages/new
2024-09-17T12:55:30.411Z POST /messages/new
2024-09-17T12:55:30.423Z GET /auth/login
2024-09-17T12:55:38.131Z POST /auth/login
2024-09-17T12:55:38.145Z GET /auth/login
2024-09-17T12:57:09.818Z GET /auth/login
2024-09-17T12:57:11.724Z GET /auth/login
2024-09-17T12:57:20.517Z POST /auth/login
2024-09-17T12:57:20.639Z GET /
2024-09-17T12:57:22.110Z GET /messages/new
2024-09-17T12:57:24.922Z POST /messages/new
2024-09-17T12:57:39.173Z POST /messages/new
2024-09-17T12:57:39.187Z GET /auth/login
2024-09-17T12:57:41.806Z GET /
2024-09-17T12:57:45.086Z GET /
2024-09-17T12:58:53.064Z GET /about
2024-09-17T12:58:53.924Z GET /auth/sign-up
